MIF/HEX Update report for SCOMP_SRAM
Wed Apr 01 21:08:09 2020
Quartus II Version 9.1 Build 350 03/24/2010 Service Pack 2 SJ Web Edition


---------------------
; Table of Contents ;
---------------------
  1. Legal Notice
  2. MIF/HEX Update Summary
  3. MIF/HEX Update Processed Files
  4. MIF/HEX Update Messages



----------------
; Legal Notice ;
----------------
Copyright (C) 1991-2010 Altera Corporation
Your use of Altera Corporation's design tools, logic functions 
and other software and tools, and its AMPP partner logic 
functions, and any output files from any of the foregoing 
(including device programming or simulation files), and any 
associated documentation or information are expressly subject 
to the terms and conditions of the Altera Program License 
Subscription Agreement, Altera MegaCore Function License 
Agreement, or other applicable license agreement, including, 
without limitation, that your use is for the sole purpose of 
programming logic devices manufactured by Altera and sold by 
Altera or its authorized distributors.  Please refer to the 
applicable agreement for further details.



+---------------------------------------------------------------+
; MIF/HEX Update Summary                                        ;
+-----------------------+---------------------------------------+
; MIF/HEX Update Status ; Successful - Wed Apr 01 21:08:09 2020 ;
; Revision Name         ; SCOMP_SRAM                            ;
; Top-level Entity Name ; SCOMP_SRAM                            ;
; Family                ; Cyclone II                            ;
; Device                ; EP2C35F672C6                          ;
+-----------------------+---------------------------------------+


+--------------------------------------------------------------------+
; MIF/HEX Update Processed Files                                     ;
+--------------------------------------------------------------------+
; File Name                                                          ;
+--------------------------------------------------------------------+
; C:/cygwin64/home/danielchen/ece2031/TeamRob/SRAM_sim/sram_test.mif ;
+--------------------------------------------------------------------+


+-------------------------+
; MIF/HEX Update Messages ;
+-------------------------+
Info: *******************************************************************
Info: Running Quartus II MIF/HEX Update
    Info: Version 9.1 Build 350 03/24/2010 Service Pack 2 SJ Web Edition
    Info: Processing started: Wed Apr 01 21:08:08 2020
Info: Command: quartus_cdb SCOMP_SRAM -c SCOMP_SRAM --update_mif
Warning: 4 out of 2048 addresses are reinitialized. The latest initialized data will replace the existing data. There are 4 warnings found, and 4 warnings are reported.
    Warning: Memory Initialization File address 0 is reinitialized
    Warning: Memory Initialization File address 1 is reinitialized
    Warning: Memory Initialization File address 2 is reinitialized
    Warning: Memory Initialization File address 3 is reinitialized
Info: Processed the following Memory Initialization File(s)
    Info: Processed Memory Initialization File C:/cygwin64/home/danielchen/ece2031/TeamRob/SRAM_sim/sram_test.mif
Info: Quartus II MIF/HEX Update was successful. 0 errors, 5 warnings
    Info: Peak virtual memory: 245 megabytes
    Info: Processing ended: Wed Apr 01 21:08:09 2020
    Info: Elapsed time: 00:00:01
    Info: Total CPU time (on all processors): 00:00:01


